<?xml version="1.0" encoding="UTF-8"?>
<testng-results ignored="0" total="1" passed="1" failed="0" skipped="0">
  <reporter-output>
  </reporter-output>
  <suite started-at="2022-05-30T12:15:48 IST" name="Default suite" finished-at="2022-05-30T12:16:31 IST" duration-ms="42800">
    <groups>
    </groups>
    <test started-at="2022-05-30T12:15:48 IST" name="Default test" finished-at="2022-05-30T12:16:31 IST" duration-ms="42800">
      <class name="commons.getCookies">
        <test-method signature="readCookies()[pri:0, instance:commons.getCookies@53045c6c]" started-at="2022-05-30T12:15:48 IST" name="readCookies" finished-at="2022-05-30T12:16:19 IST" duration-ms="31352" status="PASS">
          <reporter-output>
          </reporter-output>
        </test-method> <!-- readCookies -->
        <test-method is-config="true" signature="quit()[pri:0, instance:commons.getCookies@53045c6c]" started-at="2022-05-30T12:16:19 IST" name="quit" finished-at="2022-05-30T12:16:31 IST" duration-ms="11413" status="PASS">
          <reporter-output>
          </reporter-output>
        </test-method> <!-- quit -->
      </class> <!-- commons.getCookies -->
    </test> <!-- Default test -->
  </suite> <!-- Default suite -->
</testng-results>
